0 info it worked if it ends with ok
1 verbose cli [ '/usr/local/bin/node',
1 verbose cli   '/usr/local/bin/npm',
1 verbose cli   'install',
1 verbose cli   'mongoose',
1 verbose cli   '--save' ]
2 info using npm@1.4.3
3 info using node@v0.10.26
4 warn package.json instantjitsu@0.0.1 No repository field.
5 verbose readDependencies using package.json deps
6 verbose cache add [ 'mongoose', null ]
7 verbose cache add name=undefined spec="mongoose" args=["mongoose",null]
8 verbose parsed url { protocol: null,
8 verbose parsed url   slashes: null,
8 verbose parsed url   auth: null,
8 verbose parsed url   host: null,
8 verbose parsed url   port: null,
8 verbose parsed url   hostname: null,
8 verbose parsed url   hash: null,
8 verbose parsed url   search: null,
8 verbose parsed url   query: null,
8 verbose parsed url   pathname: 'mongoose',
8 verbose parsed url   path: 'mongoose',
8 verbose parsed url   href: 'mongoose' }
9 silly lockFile f25dbdd3-mongoose mongoose
10 verbose lock mongoose /home/eromeiro/.npm/f25dbdd3-mongoose.lock
11 silly lockFile f25dbdd3-mongoose mongoose
12 silly lockFile f25dbdd3-mongoose mongoose
13 verbose addNamed [ 'mongoose', '' ]
14 verbose addNamed [ null, '*' ]
15 silly lockFile 3bb0fc31-mongoose mongoose@
16 verbose lock mongoose@ /home/eromeiro/.npm/3bb0fc31-mongoose.lock
17 silly addNameRange { name: 'mongoose', range: '*', hasData: false }
18 verbose url raw mongoose
19 verbose url resolving [ 'https://registry.npmjs.org/', './mongoose' ]
20 verbose url resolved https://registry.npmjs.org/mongoose
21 info trying registry request attempt 1 at 19:11:21
22 http GET https://registry.npmjs.org/mongoose
23 http 200 https://registry.npmjs.org/mongoose
24 silly registry.get cb [ 200,
24 silly registry.get   { date: 'Wed, 02 Apr 2014 23:11:21 GMT',
24 silly registry.get     server: 'CouchDB/1.5.0 (Erlang OTP/R14B04)',
24 silly registry.get     etag: '"DK5HS05SJ6HH26GRUKNLQ6R9C"',
24 silly registry.get     'content-type': 'application/json',
24 silly registry.get     via: '1.1 varnish',
24 silly registry.get     'cache-control': 'max-age=1',
24 silly registry.get     'content-length': '246939',
24 silly registry.get     'accept-ranges': 'bytes',
24 silly registry.get     age: '262',
24 silly registry.get     'x-served-by': 'cache-v37-ASH, cache-jfk1029-JFK',
24 silly registry.get     'x-cache': 'MISS, HIT',
24 silly registry.get     'x-cache-hits': '0, 1',
24 silly registry.get     'x-timer': 'S1396305362.907624722,VS0,VS1,VE64,VE174918731',
24 silly registry.get     vary: 'Accept',
24 silly registry.get     'keep-alive': 'timeout=10, max=50',
24 silly registry.get     connection: 'Keep-Alive' } ]
25 silly addNameRange number 2 { name: 'mongoose', range: '*', hasData: true }
26 silly addNameRange versions [ 'mongoose',
26 silly addNameRange   [ '0.0.1',
26 silly addNameRange     '0.0.2',
26 silly addNameRange     '0.0.3',
26 silly addNameRange     '0.0.4',
26 silly addNameRange     '0.0.5',
26 silly addNameRange     '1.0.0',
26 silly addNameRange     '1.0.1',
26 silly addNameRange     '1.0.2',
26 silly addNameRange     '0.0.6',
26 silly addNameRange     '1.0.3',
26 silly addNameRange     '1.0.4',
26 silly addNameRange     '1.0.5',
26 silly addNameRange     '1.0.6',
26 silly addNameRange     '1.0.7',
26 silly addNameRange     '1.0.8',
26 silly addNameRange     '1.0.10',
26 silly addNameRange     '1.0.11',
26 silly addNameRange     '1.0.12',
26 silly addNameRange     '1.0.13',
26 silly addNameRange     '1.0.14',
26 silly addNameRange     '1.0.15',
26 silly addNameRange     '1.0.16',
26 silly addNameRange     '1.1.0',
26 silly addNameRange     '1.1.1',
26 silly addNameRange     '1.1.2',
26 silly addNameRange     '1.1.3',
26 silly addNameRange     '1.1.4',
26 silly addNameRange     '1.1.5',
26 silly addNameRange     '1.1.6',
26 silly addNameRange     '1.1.7',
26 silly addNameRange     '1.1.8',
26 silly addNameRange     '1.1.9',
26 silly addNameRange     '1.1.10',
26 silly addNameRange     '1.1.11',
26 silly addNameRange     '1.1.12',
26 silly addNameRange     '1.1.13',
26 silly addNameRange     '1.1.14',
26 silly addNameRange     '1.1.15',
26 silly addNameRange     '1.1.16',
26 silly addNameRange     '1.1.17',
26 silly addNameRange     '1.1.18',
26 silly addNameRange     '1.1.19',
26 silly addNameRange     '1.1.20',
26 silly addNameRange     '1.1.21',
26 silly addNameRange     '1.1.22',
26 silly addNameRange     '1.1.23',
26 silly addNameRange     '1.1.24',
26 silly addNameRange     '1.1.25',
26 silly addNameRange     '1.2.0',
26 silly addNameRange     '1.3.0',
26 silly addNameRange     '1.3.1',
26 silly addNameRange     '1.3.2',
26 silly addNameRange     '1.3.3',
26 silly addNameRange     '1.3.4',
26 silly addNameRange     '1.3.5',
26 silly addNameRange     '1.3.6',
26 silly addNameRange     '1.3.7',
26 silly addNameRange     '1.4.0',
26 silly addNameRange     '1.5.0',
26 silly addNameRange     '1.6.0',
26 silly addNameRange     '1.7.2',
26 silly addNameRange     '1.7.3',
26 silly addNameRange     '1.7.4',
26 silly addNameRange     '1.8.0',
26 silly addNameRange     '1.8.1',
26 silly addNameRange     '1.8.2',
26 silly addNameRange     '1.8.3',
26 silly addNameRange     '1.8.4',
26 silly addNameRange     '2.0.0',
26 silly addNameRange     '2.0.1',
26 silly addNameRange     '2.0.2',
26 silly addNameRange     '2.0.3',
26 silly addNameRange     '2.0.4',
26 silly addNameRange     '2.1.0',
26 silly addNameRange     '2.1.1',
26 silly addNameRange     '2.1.2',
26 silly addNameRange     '2.1.3',
26 silly addNameRange     '2.1.4',
26 silly addNameRange     '2.2.0',
26 silly addNameRange     '2.2.1',
26 silly addNameRange     '2.2.2',
26 silly addNameRange     '2.2.3',
26 silly addNameRange     '2.2.4',
26 silly addNameRange     '2.3.0',
26 silly addNameRange     '2.3.1',
26 silly addNameRange     '2.3.2',
26 silly addNameRange     '2.3.3',
26 silly addNameRange     '2.3.4',
26 silly addNameRange     '2.3.5',
26 silly addNameRange     '2.3.6',
26 silly addNameRange     '2.3.7',
26 silly addNameRange     '2.3.8',
26 silly addNameRange     '2.3.9',
26 silly addNameRange     '2.3.10',
26 silly addNameRange     '2.3.11',
26 silly addNameRange     '2.3.12',
26 silly addNameRange     '2.3.13',
26 silly addNameRange     '2.4.0',
26 silly addNameRange     '2.4.1',
26 silly addNameRange     '2.4.2',
26 silly addNameRange     '2.4.3',
26 silly addNameRange     '2.4.4',
26 silly addNameRange     '2.4.5',
26 silly addNameRange     '2.4.6',
26 silly addNameRange     '2.4.7',
26 silly addNameRange     '2.4.8',
26 silly addNameRange     '2.4.9',
26 silly addNameRange     '2.4.10',
26 silly addNameRange     '2.5.0',
26 silly addNameRange     '2.5.1',
26 silly addNameRange     '2.5.2',
26 silly addNameRange     '2.5.3',
26 silly addNameRange     '2.5.4',
26 silly addNameRange     '2.5.5',
26 silly addNameRange     '2.5.6',
26 silly addNameRange     '2.5.7',
26 silly addNameRange     '2.5.8',
26 silly addNameRange     '2.5.9',
26 silly addNameRange     '2.5.10',
26 silly addNameRange     '2.5.11',
26 silly addNameRange     '2.5.12',
26 silly addNameRange     '2.5.13',
26 silly addNameRange     '2.5.14',
26 silly addNameRange     '2.6.0',
26 silly addNameRange     '2.6.1',
26 silly addNameRange     '2.6.2',
26 silly addNameRange     '2.6.3',
26 silly addNameRange     '2.6.4',
26 silly addNameRange     '2.6.5',
26 silly addNameRange     '2.6.6',
26 silly addNameRange     '2.6.7',
26 silly addNameRange     '2.6.8',
26 silly addNameRange     '2.7.0',
26 silly addNameRange     '2.7.1',
26 silly addNameRange     '2.7.2',
26 silly addNameRange     '2.7.4',
26 silly addNameRange     '2.7.3',
26 silly addNameRange     '3.0.0',
26 silly addNameRange     '3.0.1',
26 silly addNameRange     '3.0.2',
26 silly addNameRange     '2.8.0',
26 silly addNameRange     '3.0.3',
26 silly addNameRange     '3.1.0',
26 silly addNameRange     '2.8.1',
26 silly addNameRange     '3.1.1',
26 silly addNameRange     '2.8.2',
26 silly addNameRange     '2.8.3',
26 silly addNameRange     '2.9.0',
26 silly addNameRange     '3.2.0',
26 silly addNameRange     '2.9.1',
26 silly addNameRange     '3.2.1',
26 silly addNameRange     '2.9.2',
26 silly addNameRange     '3.2.2',
26 silly addNameRange     '3.3.0',
26 silly addNameRange     '3.3.1',
26 silly addNameRange     '2.9.3',
26 silly addNameRange     '3.4.0',
26 silly addNameRange     '2.9.4',
26 silly addNameRange     '2.9.5',
26 silly addNameRange     '3.5.0',
26 silly addNameRange     '3.5.1',
26 silly addNameRange     '3.5.2',
26 silly addNameRange     '3.5.3',
26 silly addNameRange     '2.9.6',
26 silly addNameRange     '2.9.7',
26 silly addNameRange     '3.5.4',
26 silly addNameRange     '3.5.5',
26 silly addNameRange     '2.9.8',
26 silly addNameRange     '2.9.9',
26 silly addNameRange     '3.5.6',
26 silly addNameRange     '3.5.7',
26 silly addNameRange     '3.5.8',
26 silly addNameRange     '2.9.10',
26 silly addNameRange     '3.5.9',
26 silly addNameRange     '3.6.2',
26 silly addNameRange     '3.5.10',
26 silly addNameRange     '3.6.3',
26 silly addNameRange     '3.5.11',
26 silly addNameRange     '3.6.4',
26 silly addNameRange     '3.6.5',
26 silly addNameRange     '3.6.6',
26 silly addNameRange     '3.6.7',
26 silly addNameRange     '3.5.12',
26 silly addNameRange     '3.6.8',
26 silly addNameRange     '3.6.9',
26 silly addNameRange     '3.6.10',
26 silly addNameRange     '3.5.13',
26 silly addNameRange     '3.5.14',
26 silly addNameRange     '3.6.11',
26 silly addNameRange     '3.6.12',
26 silly addNameRange     '3.6.13',
26 silly addNameRange     '3.6.14',
26 silly addNameRange     '3.6.15',
26 silly addNameRange     '3.5.15',
26 silly addNameRange     '3.7.0',
26 silly addNameRange     '3.6.16',
26 silly addNameRange     '3.5.16',
26 silly addNameRange     '3.6.17',
26 silly addNameRange     '3.7.2',
26 silly addNameRange     '3.0.0-alpha1',
26 silly addNameRange     '3.0.0-alpha2',
26 silly addNameRange     '3.0.0-rc0',
26 silly addNameRange     '3.6.0-rc0',
26 silly addNameRange     '3.6.0-rc1',
26 silly addNameRange     '3.6.18',
26 silly addNameRange     '3.7.3',
26 silly addNameRange     '3.6.19',
26 silly addNameRange     '3.6.20',
26 silly addNameRange     '3.7.4',
26 silly addNameRange     '3.8.0',
26 silly addNameRange     '3.8.1',
26 silly addNameRange     '3.8.2',
26 silly addNameRange     '3.8.3',
26 silly addNameRange     '3.8.4',
26 silly addNameRange     '3.8.5',
26 silly addNameRange     '3.8.6',
26 silly addNameRange     '3.8.7',
26 silly addNameRange     '3.8.8' ] ]
27 verbose addNamed [ 'mongoose', '3.8.8' ]
28 verbose addNamed [ '3.8.8', '3.8.8' ]
29 silly lockFile 60cf8ebc-mongoose-3-8-8 mongoose@3.8.8
30 verbose lock mongoose@3.8.8 /home/eromeiro/.npm/60cf8ebc-mongoose-3-8-8.lock
31 silly lockFile 12f1bda5--org-mongoose-mongoose-3-8-8-tgz https://registry.npmjs.org/mongoose/-/mongoose-3.8.8.tgz
32 verbose lock https://registry.npmjs.org/mongoose/-/mongoose-3.8.8.tgz /home/eromeiro/.npm/12f1bda5--org-mongoose-mongoose-3-8-8-tgz.lock
33 verbose addRemoteTarball [ 'https://registry.npmjs.org/mongoose/-/mongoose-3.8.8.tgz',
33 verbose addRemoteTarball   'ab046f1fa17b0bdf090a04b6d034d87d240a47c2' ]
34 silly lockFile 12f1bda5--org-mongoose-mongoose-3-8-8-tgz https://registry.npmjs.org/mongoose/-/mongoose-3.8.8.tgz
35 silly lockFile 12f1bda5--org-mongoose-mongoose-3-8-8-tgz https://registry.npmjs.org/mongoose/-/mongoose-3.8.8.tgz
36 silly lockFile 60cf8ebc-mongoose-3-8-8 mongoose@3.8.8
37 silly lockFile 60cf8ebc-mongoose-3-8-8 mongoose@3.8.8
38 silly lockFile 3bb0fc31-mongoose mongoose@
39 silly lockFile 3bb0fc31-mongoose mongoose@
40 error Error: EACCES, mkdir '/home/eromeiro/tmp/npm-6293-Z8w-mvH3'
40 error  { [Error: EACCES, mkdir '/home/eromeiro/tmp/npm-6293-Z8w-mvH3']
40 error   errno: 3,
40 error   code: 'EACCES',
40 error   path: '/home/eromeiro/tmp/npm-6293-Z8w-mvH3',
40 error   parent: 'instantjitsu' }
41 error Please try running this command again as root/Administrator.
42 error System Linux 3.8.0-29-generic
43 error command "/usr/local/bin/node" "/usr/local/bin/npm" "install" "mongoose" "--save"
44 error cwd /usr/share/nginx/www/instantjitsu
45 error node -v v0.10.26
46 error npm -v 1.4.3
47 error path /home/eromeiro/tmp/npm-6293-Z8w-mvH3
48 error code EACCES
49 error errno 3
50 error stack Error: EACCES, mkdir '/home/eromeiro/tmp/npm-6293-Z8w-mvH3'
51 verbose exit [ 3, true ]
